<?xml version="1.0" encoding="UTF-8"?>
<testsuite xmlns:xsi="http://www.w3.org/2001/XMLSchema-instance" xsi:noNamespaceSchemaLocation="https://maven.apache.org/surefire/maven-surefire-plugin/xsd/surefire-test-report-3.0.xsd" version="3.0" name="ApiTest" time="5.104" tests="11" errors="0" skipped="0" failures="0">
  <properties>
    <property name="java.specification.version" value="23"/>
    <property name="sun.jnu.encoding" value="UTF-8"/>
    <property name="java.class.path" value="/Users/sirisha/eclipse-workspace/Assignment4/target/test-classes:/Users/sirisha/eclipse-workspace/Assignment4/target/classes:/Users/sirisha/.m2/repository/org/testng/testng/7.4.0/testng-7.4.0.jar:/Users/sirisha/.m2/repository/com/beust/jcommander/1.78/jcommander-1.78.jar:/Users/sirisha/.m2/repository/org/webjars/jquery/3.5.1/jquery-3.5.1.jar:/Users/sirisha/.m2/repository/io/rest-assured/rest-assured/4.4.0/rest-assured-4.4.0.jar:/Users/sirisha/.m2/repository/org/codehaus/groovy/groovy/3.0.8/groovy-3.0.8.jar:/Users/sirisha/.m2/repository/org/codehaus/groovy/groovy-xml/3.0.8/groovy-xml-3.0.8.jar:/Users/sirisha/.m2/repository/org/apache/httpcomponents/httpclient/4.5.13/httpclient-4.5.13.jar:/Users/sirisha/.m2/repository/org/apache/httpcomponents/httpcore/4.4.13/httpcore-4.4.13.jar:/Users/sirisha/.m2/repository/commons-logging/commons-logging/1.2/commons-logging-1.2.jar:/Users/sirisha/.m2/repository/commons-codec/commons-codec/1.11/commons-codec-1.11.jar:/Users/sirisha/.m2/repository/org/apache/httpcomponents/httpmime/4.5.13/httpmime-4.5.13.jar:/Users/sirisha/.m2/repository/org/hamcrest/hamcrest/2.1/hamcrest-2.1.jar:/Users/sirisha/.m2/repository/org/ccil/cowan/tagsoup/tagsoup/1.2.1/tagsoup-1.2.1.jar:/Users/sirisha/.m2/repository/io/rest-assured/xml-path/4.4.0/xml-path-4.4.0.jar:/Users/sirisha/.m2/repository/org/apache/commons/commons-lang3/3.11/commons-lang3-3.11.jar:/Users/sirisha/.m2/repository/jakarta/xml/bind/jakarta.xml.bind-api/2.3.3/jakarta.xml.bind-api-2.3.3.jar:/Users/sirisha/.m2/repository/jakarta/activation/jakarta.activation-api/1.2.2/jakarta.activation-api-1.2.2.jar:/Users/sirisha/.m2/repository/com/sun/xml/bind/jaxb-impl/2.3.3/jaxb-impl-2.3.3.jar:/Users/sirisha/.m2/repository/io/rest-assured/json-path/4.4.0/json-path-4.4.0.jar:/Users/sirisha/.m2/repository/org/codehaus/groovy/groovy-json/3.0.8/groovy-json-3.0.8.jar:/Users/sirisha/.m2/repository/io/rest-assured/rest-assured-common/4.4.0/rest-assured-common-4.4.0.jar:"/>
    <property name="java.vm.vendor" value="Homebrew"/>
    <property name="sun.arch.data.model" value="64"/>
    <property name="java.vendor.url" value="https://github.com/Homebrew/homebrew-core/issues"/>
    <property name="user.timezone" value="America/Toronto"/>
    <property name="os.name" value="Mac OS X"/>
    <property name="java.vm.specification.version" value="23"/>
    <property name="sun.java.launcher" value="SUN_STANDARD"/>
    <property name="user.country" value="US"/>
    <property name="sun.boot.library.path" value="/opt/homebrew/Cellar/openjdk/23.0.1/libexec/openjdk.jdk/Contents/Home/lib"/>
    <property name="sun.java.command" value="/Users/sirisha/eclipse-workspace/Assignment4/target/surefire/surefirebooter-20241128195907491_3.jar /Users/sirisha/eclipse-workspace/Assignment4/target/surefire 2024-11-28T19-59-07_267-jvmRun1 surefire-20241128195907491_1tmp surefire_0-20241128195907491_2tmp"/>
    <property name="http.nonProxyHosts" value="local|*.local|169.254/16|*.169.254/16"/>
    <property name="jdk.debug" value="release"/>
    <property name="surefire.test.class.path" value="/Users/sirisha/eclipse-workspace/Assignment4/target/test-classes:/Users/sirisha/eclipse-workspace/Assignment4/target/classes:/Users/sirisha/.m2/repository/org/testng/testng/7.4.0/testng-7.4.0.jar:/Users/sirisha/.m2/repository/com/beust/jcommander/1.78/jcommander-1.78.jar:/Users/sirisha/.m2/repository/org/webjars/jquery/3.5.1/jquery-3.5.1.jar:/Users/sirisha/.m2/repository/io/rest-assured/rest-assured/4.4.0/rest-assured-4.4.0.jar:/Users/sirisha/.m2/repository/org/codehaus/groovy/groovy/3.0.8/groovy-3.0.8.jar:/Users/sirisha/.m2/repository/org/codehaus/groovy/groovy-xml/3.0.8/groovy-xml-3.0.8.jar:/Users/sirisha/.m2/repository/org/apache/httpcomponents/httpclient/4.5.13/httpclient-4.5.13.jar:/Users/sirisha/.m2/repository/org/apache/httpcomponents/httpcore/4.4.13/httpcore-4.4.13.jar:/Users/sirisha/.m2/repository/commons-logging/commons-logging/1.2/commons-logging-1.2.jar:/Users/sirisha/.m2/repository/commons-codec/commons-codec/1.11/commons-codec-1.11.jar:/Users/sirisha/.m2/repository/org/apache/httpcomponents/httpmime/4.5.13/httpmime-4.5.13.jar:/Users/sirisha/.m2/repository/org/hamcrest/hamcrest/2.1/hamcrest-2.1.jar:/Users/sirisha/.m2/repository/org/ccil/cowan/tagsoup/tagsoup/1.2.1/tagsoup-1.2.1.jar:/Users/sirisha/.m2/repository/io/rest-assured/xml-path/4.4.0/xml-path-4.4.0.jar:/Users/sirisha/.m2/repository/org/apache/commons/commons-lang3/3.11/commons-lang3-3.11.jar:/Users/sirisha/.m2/repository/jakarta/xml/bind/jakarta.xml.bind-api/2.3.3/jakarta.xml.bind-api-2.3.3.jar:/Users/sirisha/.m2/repository/jakarta/activation/jakarta.activation-api/1.2.2/jakarta.activation-api-1.2.2.jar:/Users/sirisha/.m2/repository/com/sun/xml/bind/jaxb-impl/2.3.3/jaxb-impl-2.3.3.jar:/Users/sirisha/.m2/repository/io/rest-assured/json-path/4.4.0/json-path-4.4.0.jar:/Users/sirisha/.m2/repository/org/codehaus/groovy/groovy-json/3.0.8/groovy-json-3.0.8.jar:/Users/sirisha/.m2/repository/io/rest-assured/rest-assured-common/4.4.0/rest-assured-common-4.4.0.jar:"/>
    <property name="sun.cpu.endian" value="little"/>
    <property name="user.home" value="/Users/sirisha"/>
    <property name="user.language" value="en"/>
    <property name="java.specification.vendor" value="Oracle Corporation"/>
    <property name="java.version.date" value="2024-10-15"/>
    <property name="java.home" value="/opt/homebrew/Cellar/openjdk/23.0.1/libexec/openjdk.jdk/Contents/Home"/>
    <property name="file.separator" value="/"/>
    <property name="basedir" value="/Users/sirisha/eclipse-workspace/Assignment4"/>
    <property name="java.vm.compressedOopsMode" value="Zero based"/>
    <property name="line.separator" value="&#10;"/>
    <property name="java.vm.specification.vendor" value="Oracle Corporation"/>
    <property name="java.specification.name" value="Java Platform API Specification"/>
    <property name="apple.awt.application.name" value="ForkedBooter"/>
    <property name="surefire.real.class.path" value="/Users/sirisha/eclipse-workspace/Assignment4/target/surefire/surefirebooter-20241128195907491_3.jar"/>
    <property name="sun.management.compiler" value="HotSpot 64-Bit Tiered Compilers"/>
    <property name="ftp.nonProxyHosts" value="local|*.local|169.254/16|*.169.254/16"/>
    <property name="java.runtime.version" value="23.0.1"/>
    <property name="user.name" value="sirisha"/>
    <property name="stdout.encoding" value="UTF-8"/>
    <property name="path.separator" value=":"/>
    <property name="os.version" value="14.5"/>
    <property name="java.runtime.name" value="OpenJDK Runtime Environment"/>
    <property name="file.encoding" value="UTF-8"/>
    <property name="java.vm.name" value="OpenJDK 64-Bit Server VM"/>
    <property name="java.vendor.version" value="Homebrew"/>
    <property name="localRepository" value="/Users/sirisha/.m2/repository"/>
    <property name="java.vendor.url.bug" value="https://github.com/Homebrew/homebrew-core/issues"/>
    <property name="java.io.tmpdir" value="/var/folders/j0/td6r2fvn7gl49jt7r2v8wl0r0000gn/T/"/>
    <property name="java.version" value="23.0.1"/>
    <property name="user.dir" value="/Users/sirisha/eclipse-workspace/Assignment4"/>
    <property name="os.arch" value="aarch64"/>
    <property name="java.vm.specification.name" value="Java Virtual Machine Specification"/>
    <property name="native.encoding" value="UTF-8"/>
    <property name="java.library.path" value="/Users/sirisha/Library/Java/Extensions:/Library/Java/Extensions:/Network/Library/Java/Extensions:/System/Library/Java/Extensions:/usr/lib/java:."/>
    <property name="java.vm.info" value="mixed mode, sharing"/>
    <property name="stderr.encoding" value="UTF-8"/>
    <property name="java.vendor" value="Homebrew"/>
    <property name="java.vm.version" value="23.0.1"/>
    <property name="sun.io.unicode.encoding" value="UnicodeBig"/>
    <property name="socksNonProxyHosts" value="local|*.local|169.254/16|*.169.254/16"/>
    <property name="java.class.version" value="67.0"/>
  </properties>
  <testcase name="testAllPosts" classname="ApiTest" time="3.127"/>
  <testcase name="testCreatePost" classname="ApiTest" time="0.229"/>
  <testcase name="testCreatePostWithValidData" classname="ApiTest" time="0.125"/>
  <testcase name="testGetAllPosts" classname="ApiTest" time="0.143"/>
  <testcase name="testGetPostsForNonExistentUser" classname="ApiTest" time="0.116"/>
  <testcase name="testGetRequest" classname="ApiTest" time="0.11"/>
  <testcase name="testGetRequestStatusAndResponseTime" classname="ApiTest" time="0.095"/>
  <testcase name="testJsonResponseStructure" classname="ApiTest" time="0.096"/>
  <testcase name="testPostRequest" classname="ApiTest" time="0.165"/>
  <testcase name="testUpdatePost" classname="ApiTest" time="0.179"/>
  <testcase name="testUpdatePostWithValidData" classname="ApiTest" time="0.14"/>
</testsuite>