<?xml version="1.0" encoding="UTF-8"?>
<!-- Generated by org.testng.reporters.JUnitReportReporter -->
<testsuite hostname="Sirishas-MacBook-Pro.local" failures="0" tests="11" name="ApiTest" time="2.507" errors="0" timestamp="2024-12-01T12:44:54 EST" skipped="0">
  <testcase classname="ApiTest" name="testAllPosts" time="1.150"/>
  <system-out/>
  <testcase classname="ApiTest" name="testCreatePostWithValidData" time="0.133"/>
  <system-out/>
  <testcase classname="ApiTest" name="testUpdatePostWithValidData" time="0.128"/>
  <system-out/>
  <testcase classname="ApiTest" name="testUpdatePost" time="0.179"/>
  <system-out/>
  <testcase classname="ApiTest" name="testJsonResponseStructure" time="0.108"/>
  <system-out/>
  <testcase classname="ApiTest" name="testCreatePost" time="0.148"/>
  <system-out/>
  <testcase classname="ApiTest" name="testGetAllPosts" time="0.241"/>
  <system-out/>
  <testcase classname="ApiTest" name="testGetPostsForNonExistentUser" time="0.112"/>
  <system-out/>
  <testcase classname="ApiTest" name="testPostRequest" time="0.118"/>
  <system-out/>
  <testcase classname="ApiTest" name="testGetRequestStatusAndResponseTime" time="0.097"/>
  <system-out/>
  <testcase classname="ApiTest" name="testGetRequest" time="0.093"/>
  <system-out/>
</testsuite> <!-- ApiTest -->
