<?xml version="1.0" encoding="UTF-8"?>
<!-- Generated by org.testng.reporters.JUnitReportReporter -->
<testsuite hostname="Sirishas-MacBook-Pro.local" failures="0" tests="11" name="ApiTest" time="4.258" errors="0" timestamp="2024-11-28T19:51:01 EST" skipped="0">
  <testcase classname="ApiTest" name="testJsonResponseStructure" time="0.095"/>
  <system-out/>
  <testcase classname="ApiTest" name="testGetPostsForNonExistentUser" time="0.133"/>
  <system-out/>
  <testcase classname="ApiTest" name="testCreatePostWithValidData" time="0.136"/>
  <system-out/>
  <testcase classname="ApiTest" name="testPostRequest" time="0.141"/>
  <system-out/>
  <testcase classname="ApiTest" name="testCreatePost" time="0.243"/>
  <system-out/>
  <testcase classname="ApiTest" name="testUpdatePost" time="0.192"/>
  <system-out/>
  <testcase classname="ApiTest" name="testGetRequest" time="0.109"/>
  <system-out/>
  <testcase classname="ApiTest" name="testGetRequestStatusAndResponseTime" time="0.099"/>
  <system-out/>
  <testcase classname="ApiTest" name="testAllPosts" time="2.841"/>
  <system-out/>
  <testcase classname="ApiTest" name="testUpdatePostWithValidData" time="0.140"/>
  <system-out/>
  <testcase classname="ApiTest" name="testGetAllPosts" time="0.129"/>
  <system-out/>
</testsuite> <!-- ApiTest -->
