<?xml version="1.0" encoding="UTF-8"?>
<!-- Generated by org.testng.reporters.JUnitReportReporter -->
<testsuite hostname="Sirishas-MacBook-Pro.local" failures="0" tests="11" name="ApiTest" time="4.533" errors="0" timestamp="2024-11-28T19:59:12 EST" skipped="0">
  <testcase classname="ApiTest" name="testGetPostsForNonExistentUser" time="0.116"/>
  <system-out/>
  <testcase classname="ApiTest" name="testGetRequest" time="0.110"/>
  <system-out/>
  <testcase classname="ApiTest" name="testPostRequest" time="0.164"/>
  <system-out/>
  <testcase classname="ApiTest" name="testAllPosts" time="3.127"/>
  <system-out/>
  <testcase classname="ApiTest" name="testJsonResponseStructure" time="0.096"/>
  <system-out/>
  <testcase classname="ApiTest" name="testUpdatePost" time="0.179"/>
  <system-out/>
  <testcase classname="ApiTest" name="testCreatePostWithValidData" time="0.124"/>
  <system-out/>
  <testcase classname="ApiTest" name="testCreatePost" time="0.238"/>
  <system-out/>
  <testcase classname="ApiTest" name="testGetAllPosts" time="0.143"/>
  <system-out/>
  <testcase classname="ApiTest" name="testUpdatePostWithValidData" time="0.141"/>
  <system-out/>
  <testcase classname="ApiTest" name="testGetRequestStatusAndResponseTime" time="0.095"/>
  <system-out/>
</testsuite> <!-- ApiTest -->
